{"/home/sofia/Documents/Projects/cruise-ships/src/ship.js": {"path":"/home/sofia/Documents/Projects/cruise-ships/src/ship.js","statementMap":{"0":{"start":{"line":3,"column":8},"end":{"line":3,"column":38}},"1":{"start":{"line":7,"column":8},"end":{"line":7,"column":41}},"2":{"start":{"line":13,"column":0},"end":{"line":13,"column":22}}},"fnMap":{"0":{"name":"(anonymous_0)","decl":{"start":{"line":2,"column":4},"end":{"line":2,"column":5}},"loc":{"start":{"line":2,"column":30},"end":{"line":4,"column":5}},"line":2},"1":{"name":"(anonymous_1)","decl":{"start":{"line":6,"column":4},"end":{"line":6,"column":5}},"loc":{"start":{"line":6,"column":14},"end":{"line":8,"column":5}},"line":6}},"branchMap":{"0":{"loc":{"start":{"line":7,"column":15},"end":{"line":7,"column":40}},"type":"cond-expr","locations":[{"start":{"line":7,"column":28},"end":{"line":7,"column":33}},{"start":{"line":7,"column":36},"end":{"line":7,"column":40}}],"line":7}},"s":{"0":3,"1":1,"2":1},"f":{"0":3,"1":1},"b":{"0":[0,1]},"_coverageSchema":"1a1c01bbd47fc00a2c39e90264f33305004495a9","hash":"d822f47d62eb8e204080f9eb3a3afc4c860f51d6"}
}
