{"/home/sofia/Documents/Projects/cruise-ships/src/port.js": {"path":"/home/sofia/Documents/Projects/cruise-ships/src/port.js","statementMap":{"0":{"start":{"line":3,"column":8},"end":{"line":3,"column":24}},"1":{"start":{"line":7,"column":0},"end":{"line":7,"column":22}}},"fnMap":{"0":{"name":"(anonymous_0)","decl":{"start":{"line":2,"column":4},"end":{"line":2,"column":5}},"loc":{"start":{"line":2,"column":22},"end":{"line":4,"column":5}},"line":2}},"branchMap":{},"s":{"0":8,"1":2},"f":{"0":8},"b":{},"_coverageSchema":"1a1c01bbd47fc00a2c39e90264f33305004495a9","hash":"5730600731e9b0cae2e4d073c964bd80774666c4"}
,"/home/sofia/Documents/Projects/cruise-ships/src/ship.js": {"path":"/home/sofia/Documents/Projects/cruise-ships/src/ship.js","statementMap":{"0":{"start":{"line":3,"column":8},"end":{"line":3,"column":39}},"1":{"start":{"line":8,"column":8},"end":{"line":8,"column":69}},"2":{"start":{"line":11,"column":8},"end":{"line":11,"column":39}},"3":{"start":{"line":17,"column":0},"end":{"line":17,"column":22}}},"fnMap":{"0":{"name":"(anonymous_0)","decl":{"start":{"line":2,"column":4},"end":{"line":2,"column":5}},"loc":{"start":{"line":2,"column":29},"end":{"line":5,"column":5}},"line":2},"1":{"name":"(anonymous_1)","decl":{"start":{"line":7,"column":4},"end":{"line":7,"column":5}},"loc":{"start":{"line":7,"column":14},"end":{"line":9,"column":5}},"line":7},"2":{"name":"(anonymous_2)","decl":{"start":{"line":10,"column":4},"end":{"line":10,"column":5}},"loc":{"start":{"line":10,"column":15},"end":{"line":12,"column":5}},"line":10}},"branchMap":{"0":{"loc":{"start":{"line":8,"column":15},"end":{"line":8,"column":68}},"type":"cond-expr","locations":[{"start":{"line":8,"column":56},"end":{"line":8,"column":61}},{"start":{"line":8,"column":64},"end":{"line":8,"column":68}}],"line":8}},"s":{"0":4,"1":1,"2":2,"3":1},"f":{"0":4,"1":1,"2":2},"b":{"0":[0,1]},"_coverageSchema":"1a1c01bbd47fc00a2c39e90264f33305004495a9","hash":"dfb2fdbb5b08d9028373d1aedb32df7ca036f0f0"}
}
