TN:
SF:src/itinerary.js
FN:2,(anonymous_0)
FNF:1
FNH:1
FNDA:2,(anonymous_0)
DA:3,2
DA:6,1
LF:2
LH:2
BRF:0
BRH:0
end_of_record
TN:
SF:src/port.js
FN:2,(anonymous_0)
FN:7,(anonymous_1)
FN:10,(anonymous_2)
FNF:3
FNH:3
FNDA:4,(anonymous_0)
FNDA:4,(anonymous_1)
FNDA:1,(anonymous_2)
DA:3,4
DA:4,4
DA:8,4
DA:11,1
DA:12,1
DA:17,1
LF:6
LH:6
BRF:0
BRH:0
end_of_record
TN:
SF:src/ship.js
FN:2,(anonymous_0)
FN:10,(anonymous_1)
FN:23,(anonymous_2)
FNF:3
FNH:3
FNDA:6,(anonymous_0)
FNDA:4,(anonymous_1)
FNDA:2,(anonymous_2)
DA:3,6
DA:4,6
DA:5,6
DA:6,6
DA:11,4
DA:12,4
DA:14,4
DA:15,1
DA:18,3
DA:19,3
DA:20,3
DA:24,2
DA:25,2
DA:26,2
DA:27,2
DA:32,1
LF:16
LH:16
BRDA:14,0,0,1
BRDA:14,0,1,3
BRF:2
BRH:2
end_of_record
